{"level":"info","message":"   Taskplanner listening at http://:::8080","timestamp":"2016-04-26T17:22:54.788Z"}
{"message":"  ","name":"MongoError","stack":"Error: getaddrinfo ENOTFOUND ds021771.mongolab.com ds021771.mongolab.com:21771\n    at errnoException (dns.js:26:10)\n    at GetAddrInfoReqWrap.onlookup [as oncomplete] (dns.js:77:26)","level":"error","timestamp":"2016-04-26T17:22:54.844Z"}
{"level":"error","message":"  Could not connect to MongoDB!","timestamp":"2016-04-26T17:22:54.847Z"}
{"level":"info","message":"   Connected to MongoDB","timestamp":"2016-04-26T17:22:54.848Z"}
{"level":"info","message":"   Taskplanner listening at http://:::8080","timestamp":"2016-04-26T17:24:12.509Z"}
{"message":"  ","name":"MongoError","stack":"Error: getaddrinfo ENOTFOUND ds021771.mongolab.com ds021771.mongolab.com:21771\n    at errnoException (dns.js:26:10)\n    at GetAddrInfoReqWrap.onlookup [as oncomplete] (dns.js:77:26)","level":"error","timestamp":"2016-04-26T17:24:12.558Z"}
{"level":"error","message":"  Could not connect to MongoDB!","timestamp":"2016-04-26T17:24:12.560Z"}
{"level":"info","message":"   Taskplanner listening at http://:::8080","timestamp":"2016-04-26T17:24:50.558Z"}
{"message":"  ","name":"MongoError","stack":"Error: getaddrinfo ENOTFOUND ds021771.mongolab.com ds021771.mongolab.com:21771\n    at errnoException (dns.js:26:10)\n    at GetAddrInfoReqWrap.onlookup [as oncomplete] (dns.js:77:26)","level":"error","timestamp":"2016-04-26T17:24:50.598Z"}
{"level":"info","message":"   Taskplanner listening at http://:::8080","timestamp":"2016-04-26T17:27:10.440Z"}
{"level":"info","message":"   Connected to MongoDB","timestamp":"2016-04-26T17:27:11.247Z"}
{"level":"info","message":"   Taskplanner listening at http://:::8080","timestamp":"2016-04-26T17:27:29.782Z"}
{"level":"info","message":"   Connected to MongoDB","timestamp":"2016-04-26T17:27:31.007Z"}
{"level":"info","message":"   Taskplanner listening at http://:::8080","timestamp":"2016-04-26T18:04:28.740Z"}
{"level":"info","message":"   Connected to MongoDB","timestamp":"2016-04-26T18:04:30.255Z"}
{"level":"info","message":"   Taskplanner listening at http://:::8080","timestamp":"2016-04-27T10:53:46.184Z"}
{"message":"  ","name":"MongoError","stack":"Error: connect ECONNREFUSED 127.0.0.1:27017\n    at Object.exports._errnoException (util.js:870:11)\n    at exports._exceptionWithHostPort (util.js:893:20)\n    at TCPConnectWrap.afterConnect [as oncomplete] (net.js:1057:14)","level":"error","timestamp":"2016-04-27T10:53:46.207Z"}
{"level":"info","message":"   Taskplanner listening at http://:::8080","timestamp":"2016-04-27T10:54:34.923Z"}
{"level":"info","message":"   Connected to MongoDB","timestamp":"2016-04-27T10:54:34.965Z"}
{"level":"info","message":"   Taskplanner shutdown at Wed Apr 27 2016 10:55:19 GMT+0000 (UTC)","timestamp":"2016-04-27T10:55:19.259Z"}
{"level":"info","message":"   Taskplanner listening at http://:::8080","timestamp":"2016-04-27T10:55:35.704Z"}
{"message":"  ","name":"MongoError","stack":"MongoError: auth failed\n    at Function.MongoError.create (/home/ubuntu/workspace/node_modules/mongoose/node_modules/mongodb/node_modules/mongodb-core/lib/error.js:31:11)\n    at commandCallback (/home/ubuntu/workspace/node_modules/mongoose/node_modules/mongodb/node_modules/mongodb-core/lib/topologies/server.js:1135:66)\n    at Callbacks.emit (/home/ubuntu/workspace/node_modules/mongoose/node_modules/mongodb/node_modules/mongodb-core/lib/topologies/server.js:116:3)\n    at messageHandler (/home/ubuntu/workspace/node_modules/mongoose/node_modules/mongodb/node_modules/mongodb-core/lib/topologies/server.js:291:23)\n    at Socket.dataHandler (/home/ubuntu/workspace/node_modules/mongoose/node_modules/mongodb/node_modules/mongodb-core/lib/connection/connection.js:285:22)\n    at emitOne (events.js:77:13)\n    at Socket.emit (events.js:169:7)\n    at readableAddChunk (_stream_readable.js:146:16)\n    at Socket.Readable.push (_stream_readable.js:110:10)\n    at TCP.onread (net.js:529:20)","ok":0,"errmsg":"auth failed","code":18,"level":"error","timestamp":"2016-04-27T10:55:35.763Z"}
{"level":"info","message":"   Taskplanner listening at http://:::8080","timestamp":"2016-04-27T10:56:06.149Z"}
{"level":"info","message":"   Connected to MongoDB","timestamp":"2016-04-27T10:56:06.174Z"}
{"level":"info","message":"   Taskplanner listening at http://:::8080","timestamp":"2016-04-27T16:13:50.494Z"}
{"level":"info","message":"   Connected to MongoDB","timestamp":"2016-04-27T16:13:50.544Z"}
{"level":"info","message":"   Passport initialized","timestamp":"2016-04-27T16:28:04.550Z"}
{"level":"info","message":"   Taskplanner listening at http://:::8080","timestamp":"2016-04-27T16:28:04.737Z"}
{"level":"info","message":"   Connected to MongoDB","timestamp":"2016-04-27T16:28:04.786Z"}
{"level":"info","message":"   Passport initialized","timestamp":"2016-04-27T16:48:11.600Z"}
{"level":"info","message":"   Taskplanner listening at http://:::8080","timestamp":"2016-04-27T16:48:11.693Z"}
{"level":"info","message":"   Connected to MongoDB","timestamp":"2016-04-27T16:48:11.717Z"}
{"level":"info","message":"   Passport initialized","timestamp":"2016-04-27T17:05:55.392Z"}
{"level":"info","message":"   Passport initialized","timestamp":"2016-04-27T17:12:21.166Z"}
{"level":"info","message":"   Passport initialized","timestamp":"2016-04-27T17:16:20.828Z"}
{"level":"info","message":"   Passport initialized","timestamp":"2016-04-27T17:19:49.064Z"}
{"level":"info","message":"   Passport initialized","timestamp":"2016-04-27T17:20:57.721Z"}
{"level":"info","message":"   Passport initialized","timestamp":"2016-04-27T17:21:46.066Z"}
{"level":"info","message":"   Passport initialized","timestamp":"2016-04-27T17:22:08.952Z"}
{"level":"info","message":"   Passport initialized","timestamp":"2016-04-27T17:24:13.955Z"}
{"level":"info","message":"   Passport initialized","timestamp":"2016-04-27T17:25:09.127Z"}
{"level":"info","message":"   Passport initialized","timestamp":"2016-04-27T17:26:21.459Z"}
{"level":"info","message":"   Taskplanner listening at http://:::8080","timestamp":"2016-04-27T17:26:21.570Z"}
{"level":"info","message":"   Connected to MongoDB","timestamp":"2016-04-27T17:26:21.592Z"}
{"level":"info","message":"   Passport initialized","timestamp":"2016-04-27T17:27:29.973Z"}
{"level":"info","message":"   Passport initialized","timestamp":"2016-04-27T17:28:56.644Z"}
{"level":"info","message":"   Passport initialized","timestamp":"2016-04-27T17:32:12.992Z"}
{"level":"info","message":"   Passport initialized","timestamp":"2016-04-27T17:33:48.825Z"}
{"level":"info","message":"   Passport initialized","timestamp":"2016-04-27T17:38:01.147Z"}
{"level":"info","message":"   Taskplanner listening at http://:::8080","timestamp":"2016-04-27T17:38:01.448Z"}
{"level":"info","message":"   Connected to MongoDB","timestamp":"2016-04-27T17:38:01.495Z"}
{"level":"info","message":"   Passport initialized","timestamp":"2016-04-27T17:39:07.760Z"}
{"level":"info","message":"   Taskplanner listening at http://:::8080","timestamp":"2016-04-27T17:39:07.929Z"}
{"level":"info","message":"   Connected to MongoDB","timestamp":"2016-04-27T17:39:07.977Z"}
{"level":"info","message":"   Passport initialized","timestamp":"2016-04-27T17:43:37.657Z"}
{"level":"info","message":"   Taskplanner listening at http://:::8080","timestamp":"2016-04-27T17:43:37.857Z"}
{"level":"info","message":"   Connected to MongoDB","timestamp":"2016-04-27T17:43:37.896Z"}
{"level":"info","message":"   Passport initialized","timestamp":"2016-04-27T18:48:15.121Z"}
{"level":"info","message":"   Taskplanner listening at http://:::8080","timestamp":"2016-04-27T18:48:15.460Z"}
{"level":"info","message":"   Connected to MongoDB","timestamp":"2016-04-27T18:48:15.515Z"}
{"level":"info","message":"   Passport initialized","timestamp":"2016-04-27T19:30:55.172Z"}
{"level":"info","message":"   Taskplanner listening at http://:::8080","timestamp":"2016-04-27T19:30:55.312Z"}
{"level":"info","message":"   Connected to MongoDB","timestamp":"2016-04-27T19:30:55.340Z"}
{"level":"info","message":"   Passport initialized","timestamp":"2016-05-06T08:51:18.331Z"}
{"level":"info","message":"   Passport initialized","timestamp":"2016-05-06T08:52:49.109Z"}
{"level":"info","message":"   Taskplanner listening at http://:::8080","timestamp":"2016-05-06T08:52:49.245Z"}
{"level":"info","message":"   Connected to MongoDB","timestamp":"2016-05-06T08:52:49.267Z"}
{"level":"info","message":"   Passport initialized","timestamp":"2016-05-06T09:02:06.664Z"}
{"level":"info","message":"   Taskplanner listening at http://:::8080","timestamp":"2016-05-06T09:02:06.798Z"}
{"level":"info","message":"   Connected to MongoDB","timestamp":"2016-05-06T09:02:06.824Z"}
{"level":"info","message":"   Passport initialized","timestamp":"2016-05-06T09:03:24.269Z"}
{"level":"info","message":"   Taskplanner listening at http://:::8080","timestamp":"2016-05-06T09:03:24.385Z"}
{"level":"info","message":"   Connected to MongoDB","timestamp":"2016-05-06T09:03:24.412Z"}
{"level":"info","message":"   Initial admin user created!","timestamp":"2016-05-06T09:03:24.839Z"}
{"level":"info","message":"   Passport initialized","timestamp":"2016-05-06T11:35:48.302Z"}
{"level":"info","message":"   Taskplanner listening at http://:::8080","timestamp":"2016-05-06T11:35:48.497Z"}
{"level":"info","message":"   Connected to MongoDB","timestamp":"2016-05-06T11:35:48.524Z"}
{"level":"info","message":"   Passport initialized","timestamp":"2016-05-06T11:37:31.327Z"}
{"level":"info","message":"   Passport initialized","timestamp":"2016-05-06T11:37:47.463Z"}
{"level":"info","message":"   Taskplanner listening at http://:::8080","timestamp":"2016-05-06T11:37:47.578Z"}
{"level":"info","message":"   Connected to MongoDB","timestamp":"2016-05-06T11:37:47.598Z"}
{"level":"info","message":"   Passport initialized","timestamp":"2016-05-06T11:43:09.976Z"}
{"level":"info","message":"   Taskplanner listening at http://:::8080","timestamp":"2016-05-06T11:43:10.148Z"}
{"level":"info","message":"   Connected to MongoDB","timestamp":"2016-05-06T11:43:10.171Z"}
{"level":"info","message":"   Passport initialized","timestamp":"2016-05-08T08:45:10.526Z"}
{"level":"info","message":"   Taskplanner listening at http://:::8080","timestamp":"2016-05-08T08:45:10.761Z"}
{"level":"info","message":"   Connected to MongoDB","timestamp":"2016-05-08T08:45:10.783Z"}
{"level":"info","message":"   Passport initialized","timestamp":"2016-05-08T09:52:32.881Z"}
{"level":"info","message":"   Taskplanner listening at http://:::8080","timestamp":"2016-05-08T09:52:33.012Z"}
{"level":"info","message":"   Connected to MongoDB","timestamp":"2016-05-08T09:52:33.032Z"}
{"level":"info","message":"   Passport initialized","timestamp":"2016-05-08T10:10:28.165Z"}
{"level":"info","message":"   Taskplanner listening at http://:::8080","timestamp":"2016-05-08T10:10:28.319Z"}
{"level":"info","message":"   Connected to MongoDB","timestamp":"2016-05-08T10:10:28.349Z"}
{"level":"info","message":"   Passport initialized","timestamp":"2016-05-08T10:54:34.394Z"}
{"level":"info","message":"   Taskplanner listening at http://:::8080","timestamp":"2016-05-08T10:54:34.529Z"}
{"level":"info","message":"   Connected to MongoDB","timestamp":"2016-05-08T10:54:34.558Z"}
{"level":"info","message":"   Passport initialized","timestamp":"2016-05-08T10:56:34.998Z"}
{"level":"info","message":"   Taskplanner listening at http://:::8080","timestamp":"2016-05-08T10:56:35.175Z"}
{"level":"info","message":"   Connected to MongoDB","timestamp":"2016-05-08T10:56:35.206Z"}
{"level":"info","message":"   Passport initialized","timestamp":"2016-05-08T10:58:20.405Z"}
{"level":"info","message":"   Taskplanner listening at http://:::8080","timestamp":"2016-05-08T10:58:20.532Z"}
{"level":"info","message":"   Connected to MongoDB","timestamp":"2016-05-08T10:58:20.554Z"}
{"level":"info","message":"   Initial admin user created!","timestamp":"2016-05-08T10:58:20.973Z"}
{"level":"info","message":"   Passport initialized","timestamp":"2016-05-08T16:01:43.534Z"}
{"level":"info","message":"   Taskplanner listening at http://:::8080","timestamp":"2016-05-08T16:01:43.748Z"}
{"level":"info","message":"   Connected to MongoDB","timestamp":"2016-05-08T16:01:43.772Z"}
{"level":"info","message":"   Passport initialized","timestamp":"2016-05-11T17:28:27.844Z"}
{"level":"info","message":"   Taskplanner listening at http://:::8080","timestamp":"2016-05-11T17:28:28.021Z"}
{"level":"info","message":"   Connected to MongoDB","timestamp":"2016-05-11T17:28:28.053Z"}
{"level":"info","message":"   Passport initialized","timestamp":"2016-05-13T17:31:17.665Z"}
{"level":"info","message":"   Taskplanner listening at http://:::8080","timestamp":"2016-05-13T17:31:17.847Z"}
{"level":"info","message":"   Connected to MongoDB","timestamp":"2016-05-13T17:31:17.868Z"}
{"level":"info","message":"   Passport initialized","timestamp":"2016-05-13T18:00:11.925Z"}
{"level":"info","message":"   Taskplanner listening at http://:::8080","timestamp":"2016-05-13T18:00:12.053Z"}
{"level":"info","message":"   Connected to MongoDB","timestamp":"2016-05-13T18:00:12.078Z"}
{"level":"info","message":"   Passport initialized","timestamp":"2016-05-14T12:30:22.189Z"}
{"level":"info","message":"   Taskplanner listening at http://:::8080","timestamp":"2016-05-14T12:30:22.421Z"}
{"level":"info","message":"   Connected to MongoDB","timestamp":"2016-05-14T12:30:22.451Z"}
{"level":"info","message":"   Passport initialized","timestamp":"2016-05-14T16:06:53.193Z"}
{"level":"info","message":"   Taskplanner listening at http://:::8080","timestamp":"2016-05-14T16:06:53.409Z"}
{"level":"info","message":"   Connected to MongoDB","timestamp":"2016-05-14T16:06:53.452Z"}
{"level":"info","message":"   Passport initialized","timestamp":"2016-05-14T16:56:30.390Z"}
{"level":"info","message":"   Taskplanner listening at http://:::8080","timestamp":"2016-05-14T16:56:30.500Z"}
{"level":"info","message":"   Connected to MongoDB","timestamp":"2016-05-14T16:56:30.520Z"}
{"level":"info","message":"   Passport initialized","timestamp":"2016-05-15T12:33:34.231Z"}
{"level":"info","message":"   Taskplanner listening at http://:::8080","timestamp":"2016-05-15T12:33:34.414Z"}
{"level":"info","message":"   Connected to MongoDB","timestamp":"2016-05-15T12:33:34.435Z"}
{"level":"info","message":"   Passport initialized","timestamp":"2016-05-15T12:57:04.900Z"}
{"level":"info","message":"   Taskplanner listening at http://:::8080","timestamp":"2016-05-15T12:57:05.021Z"}
{"level":"info","message":"   Connected to MongoDB","timestamp":"2016-05-15T12:57:05.039Z"}
{"level":"info","message":"   Passport initialized","timestamp":"2016-05-15T13:00:20.182Z"}
{"level":"info","message":"   Taskplanner listening at http://:::8080","timestamp":"2016-05-15T13:00:20.323Z"}
{"level":"info","message":"   Connected to MongoDB","timestamp":"2016-05-15T13:00:20.349Z"}
{"level":"info","message":"   Passport initialized","timestamp":"2016-05-15T13:05:05.891Z"}
{"level":"info","message":"   Taskplanner listening at http://:::8080","timestamp":"2016-05-15T13:05:06.038Z"}
{"level":"info","message":"   Connected to MongoDB","timestamp":"2016-05-15T13:05:06.060Z"}
{"level":"info","message":"   Passport initialized","timestamp":"2016-05-15T13:05:51.086Z"}
{"level":"info","message":"   Taskplanner listening at http://:::8080","timestamp":"2016-05-15T13:05:51.207Z"}
{"level":"info","message":"   Connected to MongoDB","timestamp":"2016-05-15T13:05:51.226Z"}
{"level":"info","message":"   Passport initialized","timestamp":"2016-05-15T13:09:38.105Z"}
{"level":"info","message":"   Taskplanner listening at http://:::8080","timestamp":"2016-05-15T13:09:38.209Z"}
{"level":"info","message":"   Connected to MongoDB","timestamp":"2016-05-15T13:09:38.229Z"}
{"level":"info","message":"   Passport initialized","timestamp":"2016-05-15T14:54:27.616Z"}
{"level":"info","message":"   Taskplanner listening at http://:::8080","timestamp":"2016-05-15T14:54:27.758Z"}
{"level":"info","message":"   Connected to MongoDB","timestamp":"2016-05-15T14:54:27.779Z"}
{"level":"info","message":"   Passport initialized","timestamp":"2016-05-15T15:44:30.737Z"}
{"level":"info","message":"   Taskplanner listening at http://:::8080","timestamp":"2016-05-15T15:44:30.877Z"}
{"level":"info","message":"   Connected to MongoDB","timestamp":"2016-05-15T15:44:30.906Z"}
{"level":"info","message":"   Passport initialized","timestamp":"2016-05-15T16:07:56.019Z"}
{"level":"info","message":"   Taskplanner listening at http://:::8080","timestamp":"2016-05-15T16:07:56.164Z"}
{"level":"info","message":"   Connected to MongoDB","timestamp":"2016-05-15T16:07:56.187Z"}
{"level":"info","message":"   Passport initialized","timestamp":"2016-05-15T16:09:00.346Z"}
{"level":"info","message":"   Taskplanner listening at http://:::8080","timestamp":"2016-05-15T16:09:00.522Z"}
{"level":"info","message":"   Connected to MongoDB","timestamp":"2016-05-15T16:09:00.550Z"}
{"level":"info","message":"   Passport initialized","timestamp":"2016-05-15T16:41:42.951Z"}
{"level":"info","message":"   Taskplanner listening at http://:::8080","timestamp":"2016-05-15T16:41:43.102Z"}
{"level":"info","message":"   Connected to MongoDB","timestamp":"2016-05-15T16:41:43.130Z"}
{"level":"info","message":"   Passport initialized","timestamp":"2016-05-15T16:53:09.645Z"}
{"level":"info","message":"   Taskplanner listening at http://:::8080","timestamp":"2016-05-15T16:53:09.802Z"}
{"level":"info","message":"   Connected to MongoDB","timestamp":"2016-05-15T16:53:09.824Z"}
{"message":"  ","stack":"Error: data and hash arguments required\n    at /home/ubuntu/workspace/node_modules/bcrypt/bcrypt.js:144:16\n    at nextTickCallbackWith0Args (node.js:420:9)\n    at process._tickCallback (node.js:349:13)","level":"error","timestamp":"2016-05-15T16:53:34.207Z"}
{"message":"  ","stack":"Error: data and hash arguments required\n    at /home/ubuntu/workspace/node_modules/bcrypt/bcrypt.js:144:16\n    at nextTickCallbackWith0Args (node.js:420:9)\n    at process._tickCallback (node.js:349:13)","level":"error","timestamp":"2016-05-15T16:53:46.353Z"}
{"message":"  ","stack":"Error: data and hash arguments required\n    at /home/ubuntu/workspace/node_modules/bcrypt/bcrypt.js:144:16\n    at nextTickCallbackWith0Args (node.js:420:9)\n    at process._tickCallback (node.js:349:13)","level":"error","timestamp":"2016-05-15T16:58:24.287Z"}
{"message":"  ","stack":"Error: data and hash arguments required\n    at /home/ubuntu/workspace/node_modules/bcrypt/bcrypt.js:144:16\n    at nextTickCallbackWith0Args (node.js:420:9)\n    at process._tickCallback (node.js:349:13)","level":"error","timestamp":"2016-05-15T17:00:01.968Z"}
{"message":"  ","stack":"Error: data and hash arguments required\n    at /home/ubuntu/workspace/node_modules/bcrypt/bcrypt.js:144:16\n    at nextTickCallbackWith0Args (node.js:420:9)\n    at process._tickCallback (node.js:349:13)","level":"error","timestamp":"2016-05-15T17:01:29.550Z"}
{"level":"info","message":"   Passport initialized","timestamp":"2016-05-15T17:02:21.780Z"}
{"level":"info","message":"   Taskplanner listening at http://:::8080","timestamp":"2016-05-15T17:02:21.933Z"}
{"level":"info","message":"   Connected to MongoDB","timestamp":"2016-05-15T17:02:21.954Z"}
{"message":"  ","stack":"Error: data and hash arguments required\n    at /home/ubuntu/workspace/node_modules/bcrypt/bcrypt.js:144:16\n    at nextTickCallbackWith0Args (node.js:420:9)\n    at process._tickCallback (node.js:349:13)","level":"error","timestamp":"2016-05-15T17:02:41.523Z"}
{"message":"  ","stack":"Error: data and hash arguments required\n    at /home/ubuntu/workspace/node_modules/bcrypt/bcrypt.js:144:16\n    at nextTickCallbackWith0Args (node.js:420:9)\n    at process._tickCallback (node.js:349:13)","level":"error","timestamp":"2016-05-15T17:04:52.026Z"}
{"level":"info","message":"   Passport initialized","timestamp":"2016-05-15T17:05:56.992Z"}
{"level":"info","message":"   Taskplanner listening at http://:::8080","timestamp":"2016-05-15T17:05:57.146Z"}
{"level":"info","message":"   Connected to MongoDB","timestamp":"2016-05-15T17:05:57.167Z"}
{"message":"  ","stack":"Error: data and hash arguments required\n    at /home/ubuntu/workspace/node_modules/bcrypt/bcrypt.js:144:16\n    at nextTickCallbackWith0Args (node.js:420:9)\n    at process._tickCallback (node.js:349:13)","level":"error","timestamp":"2016-05-15T17:06:20.026Z"}
{"level":"info","message":"   Passport initialized","timestamp":"2016-05-15T19:36:01.286Z"}
{"level":"info","message":"   Taskplanner listening at http://:::8080","timestamp":"2016-05-15T19:36:01.454Z"}
{"level":"info","message":"   Connected to MongoDB","timestamp":"2016-05-15T19:36:01.476Z"}
{"level":"info","message":"   Passport initialized","timestamp":"2016-05-15T19:37:08.347Z"}
{"level":"info","message":"   Taskplanner listening at http://:::8080","timestamp":"2016-05-15T19:37:08.489Z"}
{"level":"info","message":"   Connected to MongoDB","timestamp":"2016-05-15T19:37:08.533Z"}
{"message":"  ","stack":"Error: data and hash arguments required\n    at /home/ubuntu/workspace/node_modules/bcrypt/bcrypt.js:144:16\n    at nextTickCallbackWith0Args (node.js:420:9)\n    at process._tickCallback (node.js:349:13)","level":"error","timestamp":"2016-05-15T19:37:42.602Z"}
{"message":"  ","stack":"Error: data and hash arguments required\n    at /home/ubuntu/workspace/node_modules/bcrypt/bcrypt.js:144:16\n    at nextTickCallbackWith0Args (node.js:420:9)\n    at process._tickCallback (node.js:349:13)","level":"error","timestamp":"2016-05-15T19:38:06.574Z"}
{"level":"info","message":"   Passport initialized","timestamp":"2016-05-15T19:42:39.052Z"}
{"level":"info","message":"   Taskplanner listening at http://:::8080","timestamp":"2016-05-15T19:42:39.196Z"}
{"level":"info","message":"   Connected to MongoDB","timestamp":"2016-05-15T19:42:39.222Z"}
{"level":"info","message":"   Passport initialized","timestamp":"2016-05-16T16:47:57.582Z"}
{"level":"info","message":"   Taskplanner listening at http://:::8080","timestamp":"2016-05-16T16:47:57.938Z"}
{"level":"info","message":"   Connected to MongoDB","timestamp":"2016-05-16T16:47:57.978Z"}
{"level":"info","message":"   Passport initialized","timestamp":"2016-05-18T17:28:23.361Z"}
{"level":"info","message":"   Taskplanner listening at http://:::8080","timestamp":"2016-05-18T17:28:24.009Z"}
{"level":"info","message":"   Connected to MongoDB","timestamp":"2016-05-18T17:28:24.058Z"}
{"level":"info","message":"   Passport initialized","timestamp":"2016-05-18T17:47:50.592Z"}
{"level":"info","message":"   Taskplanner listening at http://:::8080","timestamp":"2016-05-18T17:47:50.754Z"}
{"level":"info","message":"   Connected to MongoDB","timestamp":"2016-05-18T17:47:50.778Z"}
{"level":"info","message":"   Passport initialized","timestamp":"2016-05-21T08:36:48.205Z"}
{"level":"info","message":"   Taskplanner listening at http://:::8080","timestamp":"2016-05-21T08:36:48.444Z"}
{"level":"info","message":"   Connected to MongoDB","timestamp":"2016-05-21T08:36:48.474Z"}
{"level":"info","message":"   Passport initialized","timestamp":"2016-05-21T09:11:46.846Z"}
{"level":"info","message":"   Taskplanner listening at http://:::8080","timestamp":"2016-05-21T09:11:46.967Z"}
{"level":"info","message":"   Connected to MongoDB","timestamp":"2016-05-21T09:11:46.985Z"}
{"message":"  ","stack":"ValidationError: User validation failed\n    at MongooseError.ValidationError (/home/ubuntu/workspace/node_modules/mongoose/lib/error/validation.js:22:11)\n    at model.Document.invalidate (/home/ubuntu/workspace/node_modules/mongoose/lib/document.js:1338:32)\n    at /home/ubuntu/workspace/node_modules/mongoose/lib/document.js:1206:17\n    at SchemaType.doValidate.validate (/home/ubuntu/workspace/node_modules/mongoose/lib/schematype.js:693:7)\n    at /home/ubuntu/workspace/node_modules/mongoose/lib/schematype.js:724:9\n    at Array.forEach (native)\n    at SchemaString.SchemaType.doValidate (/home/ubuntu/workspace/node_modules/mongoose/lib/schematype.js:698:19)\n    at /home/ubuntu/workspace/node_modules/mongoose/lib/document.js:1204:9\n    at nextTickCallbackWith0Args (node.js:420:9)\n    at process._tickCallback (node.js:349:13)","name":"ValidationError","errors":{"language":{"message":"Path `language` is required.","name":"ValidatorError","properties":{"type":"required","message":"Path `{PATH}` is required.","path":"language"},"kind":"required","path":"language"},"firstname":{"message":"Path `firstname` is required.","name":"ValidatorError","properties":{"type":"required","message":"Path `{PATH}` is required.","path":"firstname"},"kind":"required","path":"firstname"},"name":{"message":"Path `name` is required.","name":"ValidatorError","properties":{"type":"required","message":"Path `{PATH}` is required.","path":"name"},"kind":"required","path":"name"}},"level":"error","timestamp":"2016-05-21T09:34:30.730Z"}
{"level":"info","message":"   Passport initialized","timestamp":"2016-05-21T09:47:16.457Z"}
{"level":"info","message":"   Taskplanner listening at http://:::8080","timestamp":"2016-05-21T09:47:16.690Z"}
{"level":"info","message":"   Connected to MongoDB","timestamp":"2016-05-21T09:47:16.718Z"}
{"level":"info","message":"   Passport initialized","timestamp":"2016-05-21T09:50:33.664Z"}
{"level":"info","message":"   Taskplanner listening at http://:::8080","timestamp":"2016-05-21T09:50:33.833Z"}
{"level":"info","message":"   Connected to MongoDB","timestamp":"2016-05-21T09:50:33.861Z"}
{"level":"info","message":"   Passport initialized","timestamp":"2016-05-21T09:56:52.460Z"}
{"level":"info","message":"   Taskplanner listening at http://:::8080","timestamp":"2016-05-21T09:56:52.651Z"}
{"level":"info","message":"   Connected to MongoDB","timestamp":"2016-05-21T09:56:52.685Z"}
{"level":"info","message":"   Passport initialized","timestamp":"2016-05-21T09:58:17.611Z"}
{"level":"info","message":"   Taskplanner listening at http://:::8080","timestamp":"2016-05-21T09:58:17.840Z"}
{"level":"info","message":"   Connected to MongoDB","timestamp":"2016-05-21T09:58:17.862Z"}
{"level":"info","message":"   Passport initialized","timestamp":"2016-05-21T10:14:17.449Z"}
{"level":"info","message":"   Taskplanner listening at http://:::8080","timestamp":"2016-05-21T10:14:17.591Z"}
{"level":"info","message":"   Connected to MongoDB","timestamp":"2016-05-21T10:14:17.619Z"}
{"level":"info","message":"   Passport initialized","timestamp":"2016-05-22T08:11:18.431Z"}
{"level":"info","message":"   Taskplanner listening at http://:::8080","timestamp":"2016-05-22T08:11:18.653Z"}
{"level":"info","message":"   Connected to MongoDB","timestamp":"2016-05-22T08:11:18.676Z"}
{"level":"info","message":"   Passport initialized","timestamp":"2016-05-22T08:49:14.640Z"}
{"level":"info","message":"   Taskplanner listening at http://:::8080","timestamp":"2016-05-22T08:49:14.760Z"}
{"level":"info","message":"   Connected to MongoDB","timestamp":"2016-05-22T08:49:14.778Z"}
{"level":"info","message":"   Passport initialized","timestamp":"2016-05-22T08:53:54.518Z"}
{"level":"info","message":"   Taskplanner listening at http://:::8080","timestamp":"2016-05-22T08:53:54.671Z"}
{"level":"info","message":"   Connected to MongoDB","timestamp":"2016-05-22T08:53:54.695Z"}
{"level":"info","message":"   Passport initialized","timestamp":"2016-05-22T09:13:47.424Z"}
{"level":"info","message":"   Taskplanner listening at http://:::8080","timestamp":"2016-05-22T09:13:47.603Z"}
{"level":"info","message":"   Connected to MongoDB","timestamp":"2016-05-22T09:13:47.639Z"}
{"message":"  ","name":"MongoError","stack":"MongoError: Can't canonicalize query: BadValue $or needs an array\n    at Function.MongoError.create (/home/ubuntu/workspace/node_modules/mongoose/node_modules/mongodb/node_modules/mongodb-core/lib/error.js:31:11)\n    at Cursor._find.queryCallback (/home/ubuntu/workspace/node_modules/mongoose/node_modules/mongodb/node_modules/mongodb-core/lib/cursor.js:181:34)\n    at Callbacks.emit (/home/ubuntu/workspace/node_modules/mongoose/node_modules/mongodb/node_modules/mongodb-core/lib/topologies/server.js:116:3)\n    at messageHandler (/home/ubuntu/workspace/node_modules/mongoose/node_modules/mongodb/node_modules/mongodb-core/lib/topologies/server.js:291:23)\n    at Socket.dataHandler (/home/ubuntu/workspace/node_modules/mongoose/node_modules/mongodb/node_modules/mongodb-core/lib/connection/connection.js:285:22)\n    at emitOne (events.js:77:13)\n    at Socket.emit (events.js:169:7)\n    at readableAddChunk (_stream_readable.js:146:16)\n    at Socket.Readable.push (_stream_readable.js:110:10)\n    at TCP.onread (net.js:529:20)","$err":"Can't canonicalize query: BadValue $or needs an array","code":17287,"level":"error","timestamp":"2016-05-22T09:13:52.950Z"}
{"level":"info","message":"   Passport initialized","timestamp":"2016-05-22T09:15:50.491Z"}
{"level":"info","message":"   Taskplanner listening at http://:::8080","timestamp":"2016-05-22T09:15:50.643Z"}
{"level":"info","message":"   Connected to MongoDB","timestamp":"2016-05-22T09:15:50.665Z"}
{"level":"info","message":"   Passport initialized","timestamp":"2016-05-22T09:19:16.106Z"}
{"level":"info","message":"   Taskplanner listening at http://:::8080","timestamp":"2016-05-22T09:19:16.269Z"}
{"level":"info","message":"   Connected to MongoDB","timestamp":"2016-05-22T09:19:16.294Z"}
{"level":"info","message":"   Passport initialized","timestamp":"2016-05-22T09:28:51.021Z"}
{"level":"info","message":"   Taskplanner listening at http://:::8080","timestamp":"2016-05-22T09:28:51.180Z"}
{"level":"info","message":"   Connected to MongoDB","timestamp":"2016-05-22T09:28:51.200Z"}
{"level":"info","message":"   Passport initialized","timestamp":"2016-05-22T09:47:50.546Z"}
{"level":"info","message":"   Taskplanner listening at http://:::8080","timestamp":"2016-05-22T09:47:50.723Z"}
{"level":"info","message":"   Connected to MongoDB","timestamp":"2016-05-22T09:47:50.752Z"}
{"message":"  ","name":"MongoError","stack":"MongoError: Can't canonicalize query: BadValue unknown top level operator: $not\n    at Function.MongoError.create (/home/ubuntu/workspace/node_modules/mongoose/node_modules/mongodb/node_modules/mongodb-core/lib/error.js:31:11)\n    at Cursor._find.queryCallback (/home/ubuntu/workspace/node_modules/mongoose/node_modules/mongodb/node_modules/mongodb-core/lib/cursor.js:181:34)\n    at Callbacks.emit (/home/ubuntu/workspace/node_modules/mongoose/node_modules/mongodb/node_modules/mongodb-core/lib/topologies/server.js:116:3)\n    at messageHandler (/home/ubuntu/workspace/node_modules/mongoose/node_modules/mongodb/node_modules/mongodb-core/lib/topologies/server.js:291:23)\n    at Socket.dataHandler (/home/ubuntu/workspace/node_modules/mongoose/node_modules/mongodb/node_modules/mongodb-core/lib/connection/connection.js:285:22)\n    at emitOne (events.js:77:13)\n    at Socket.emit (events.js:169:7)\n    at readableAddChunk (_stream_readable.js:146:16)\n    at Socket.Readable.push (_stream_readable.js:110:10)\n    at TCP.onread (net.js:529:20)","$err":"Can't canonicalize query: BadValue unknown top level operator: $not","code":17287,"level":"error","timestamp":"2016-05-22T10:25:18.562Z"}
